<?xml version="1.0" encoding="UTF-8"?>
<!-- Generated by org.testng.reporters.JUnitReportReporter -->
<testsuite ignored="0" hostname="DESKTOP-UPKF4AJ" failures="0" tests="1" name="pruebacero.SetTest" time="1.860" errors="0" timestamp="20 abr. 2024 16:52:36 GMT" skipped="0">
  <testcase classname="pruebacero.SetTest" name="test01" time="1.860"/>
</testsuite> <!-- pruebacero.SetTest -->
